0 info it worked if it ends with ok
1 verbose cli [ '/Users/robsecord/.meteor/packages/meteor-tool/.1.4.1.5eajst++os.osx.x86_64+web.browser+web.cordova/mt-os.osx.x86_64/dev_bundle/bin/node',
1 verbose cli   '/Users/robsecord/.meteor/packages/meteor-tool/.1.4.1.5eajst++os.osx.x86_64+web.browser+web.cordova/mt-os.osx.x86_64/dev_bundle/bin/npm',
1 verbose cli   'run',
1 verbose cli   'lint' ]
2 info using npm@3.10.6
3 info using node@v4.5.0
4 verbose run-script [ 'prelint', 'lint', 'postlint' ]
5 info lifecycle manager@~prelint: manager@
6 silly lifecycle manager@~prelint: no script for prelint, continuing
7 info lifecycle manager@~lint: manager@
8 verbose lifecycle manager@~lint: unsafe-perm in lifecycle true
9 verbose lifecycle manager@~lint: PATH: /Users/robsecord/.meteor/packages/meteor-tool/.1.4.1.5eajst++os.osx.x86_64+web.browser+web.cordova/mt-os.osx.x86_64/dev_bundle/lib/node_modules/npm/bin/node-gyp-bin:/Users/robsecord/workspace/InstantFINANCIAL/manager/node_modules/.bin:/Users/robsecord/.meteor/packages/meteor-tool/.1.4.1.5eajst++os.osx.x86_64+web.browser+web.cordova/mt-os.osx.x86_64/dev_bundle/bin:/Users/robsecord/.meteor/packages/meteor-tool/.1.4.1.5eajst++os.osx.x86_64+web.browser+web.cordova/mt-os.osx.x86_64/dev_bundle/lib/node_modules/.bin:/usr/local/bin:/usr/bin:/bin:/usr/sbin:/sbin:/opt/X11/bin
10 verbose lifecycle manager@~lint: CWD: /Users/robsecord/workspace/InstantFINANCIAL/manager
11 silly lifecycle manager@~lint: Args: [ '-c', 'eslint .' ]
12 silly lifecycle manager@~lint: Returned: code: 1  signal: null
13 info lifecycle manager@~lint: Failed to exec lint script
14 verbose stack Error: manager@ lint: `eslint .`
14 verbose stack Exit status 1
14 verbose stack     at EventEmitter.<anonymous> (/Users/robsecord/.meteor/packages/meteor-tool/.1.4.1.5eajst++os.osx.x86_64+web.browser+web.cordova/mt-os.osx.x86_64/dev_bundle/lib/node_modules/npm/lib/utils/lifecycle.js:255:16)
14 verbose stack     at emitTwo (events.js:87:13)
14 verbose stack     at EventEmitter.emit (events.js:172:7)
14 verbose stack     at ChildProcess.<anonymous> (/Users/robsecord/.meteor/packages/meteor-tool/.1.4.1.5eajst++os.osx.x86_64+web.browser+web.cordova/mt-os.osx.x86_64/dev_bundle/lib/node_modules/npm/lib/utils/spawn.js:40:14)
14 verbose stack     at emitTwo (events.js:87:13)
14 verbose stack     at ChildProcess.emit (events.js:172:7)
14 verbose stack     at maybeClose (internal/child_process.js:829:16)
14 verbose stack     at Process.ChildProcess._handle.onexit (internal/child_process.js:211:5)
15 verbose pkgid manager@
16 verbose cwd /Users/robsecord/workspace/InstantFINANCIAL/manager/imports/ui/styles/lib
17 error Darwin 15.5.0
18 error argv "/Users/robsecord/.meteor/packages/meteor-tool/.1.4.1.5eajst++os.osx.x86_64+web.browser+web.cordova/mt-os.osx.x86_64/dev_bundle/bin/node" "/Users/robsecord/.meteor/packages/meteor-tool/.1.4.1.5eajst++os.osx.x86_64+web.browser+web.cordova/mt-os.osx.x86_64/dev_bundle/bin/npm" "run" "lint"
19 error node v4.5.0
20 error npm  v3.10.6
21 error code ELIFECYCLE
22 error manager@ lint: `eslint .`
22 error Exit status 1
23 error Failed at the manager@ lint script 'eslint .'.
23 error Make sure you have the latest version of node.js and npm installed.
23 error If you do, this is most likely a problem with the manager package,
23 error not with npm itself.
23 error Tell the author that this fails on your system:
23 error     eslint .
23 error You can get information on how to open an issue for this project with:
23 error     npm bugs manager
23 error Or if that isn't available, you can get their info via:
23 error     npm owner ls manager
23 error There is likely additional logging output above.
24 verbose exit [ 1, true ]
